2023-10-15 13:48:05.902  INFO DESKTOP-PHL2860 --- [           main] .b.t.c.SpringBootTestContextBootstrapper : Neither @ContextConfiguration nor @ContextHierarchy found for test class [com.cs.ebm.ebm.EbmApplicationTests], using SpringBootContextLoader
2023-10-15 13:48:05.916  INFO DESKTOP-PHL2860 --- [           main] o.s.t.c.s.AbstractContextLoader          : Could not detect default resource locations for test class [com.cs.ebm.ebm.EbmApplicationTests]: no resource found for suffixes {-context.xml, Context.groovy}.
2023-10-15 13:48:05.918  INFO DESKTOP-PHL2860 --- [           main] t.c.s.AnnotationConfigContextLoaderUtils : Could not detect default configuration classes for test class [com.cs.ebm.ebm.EbmApplicationTests]: EbmApplicationTests does not declare any static, non-private, non-final, nested classes annotated with @Configuration.
2023-10-15 13:48:06.048  INFO DESKTOP-PHL2860 --- [           main] .b.t.c.SpringBootTestContextBootstrapper : Found @SpringBootConfiguration com.cs.ebm.EbmApplication for test class com.cs.ebm.ebm.EbmApplicationTests
2023-10-15 13:48:06.201  INFO DESKTOP-PHL2860 --- [           main] .b.t.c.SpringBootTestContextBootstrapper : Loaded default TestExecutionListener class names from location [META-INF/spring.factories]: [org.springframework.boot.test.mock.mockito.MockitoTestExecutionListener, org.springframework.boot.test.mock.mockito.ResetMocksTestExecutionListener, org.springframework.boot.test.autoconfigure.restdocs.RestDocsTestExecutionListener, org.springframework.boot.test.autoconfigure.web.client.MockRestServiceServerResetTestExecutionListener, org.springframework.boot.test.autoconfigure.web.servlet.MockMvcPrintOnlyOnFailureTestExecutionListener, org.springframework.boot.test.autoconfigure.web.servlet.WebDriverTestExecutionListener, org.springframework.boot.test.autoconfigure.webservices.client.MockWebServiceServerTestExecutionListener, org.springframework.test.context.web.ServletTestExecutionListener, org.springframework.test.context.support.DirtiesContextBeforeModesTestExecutionListener, org.springframework.test.context.event.ApplicationEventsTestExecutionListener, org.springframework.test.context.support.DependencyInjectionTestExecutionListener, org.springframework.test.context.support.DirtiesContextTestExecutionListener, org.springframework.test.context.transaction.TransactionalTestExecutionListener, org.springframework.test.context.jdbc.SqlScriptsTestExecutionListener, org.springframework.test.context.event.EventPublishingTestExecutionListener]
2023-10-15 13:48:06.312  INFO DESKTOP-PHL2860 --- [           main] .b.t.c.SpringBootTestContextBootstrapper : Using TestExecutionListeners: [org.springframework.test.context.web.ServletTestExecutionListener@7f36662c, org.springframework.test.context.support.DirtiesContextBeforeModesTestExecutionListener@28e8dde3, org.springframework.test.context.event.ApplicationEventsTestExecutionListener@6d23017e, org.springframework.boot.test.mock.mockito.MockitoTestExecutionListener@54dcfa5a, org.springframework.boot.test.autoconfigure.SpringBootDependencyInjectionTestExecutionListener@1817f1eb, org.springframework.test.context.support.DirtiesContextTestExecutionListener@767e20cf, org.springframework.test.context.transaction.TransactionalTestExecutionListener@3a3e78f, org.springframework.test.context.jdbc.SqlScriptsTestExecutionListener@301ec38b, org.springframework.test.context.event.EventPublishingTestExecutionListener@17a1e4ca, org.springframework.boot.test.mock.mockito.ResetMocksTestExecutionListener@10ded6a9, org.springframework.boot.test.autoconfigure.restdocs.RestDocsTestExecutionListener@c5dc4a2, org.springframework.boot.test.autoconfigure.web.client.MockRestServiceServerResetTestExecutionListener@4a194c39, org.springframework.boot.test.autoconfigure.web.servlet.MockMvcPrintOnlyOnFailureTestExecutionListener@52066604, org.springframework.boot.test.autoconfigure.web.servlet.WebDriverTestExecutionListener@340b9973, org.springframework.boot.test.autoconfigure.webservices.client.MockWebServiceServerTestExecutionListener@56113384]
2023-10-15 13:48:06.704  INFO DESKTOP-PHL2860 --- [           main] c.c.e.e.EbmApplicationTests              : Starting EbmApplicationTests using Java 1.8.0_202 on DESKTOP-PHL2860 with PID 2952 (started by DELL in D:\ebm\ebm)
2023-10-15 13:48:06.710 DEBUG DESKTOP-PHL2860 --- [           main] c.c.e.e.EbmApplicationTests              : Running with Spring Boot v2.7.4, Spring v5.3.23
2023-10-15 13:48:06.710  INFO DESKTOP-PHL2860 --- [           main] c.c.e.e.EbmApplicationTests              : No active profile set, falling back to 1 default profile: "default"
2023-10-15 13:48:08.880  INFO DESKTOP-PHL2860 --- [           main] .s.d.r.c.RepositoryConfigurationDelegate : Bootstrapping Spring Data JPA repositories in DEFAULT mode.
2023-10-15 13:48:09.082  INFO DESKTOP-PHL2860 --- [           main] .s.d.r.c.RepositoryConfigurationDelegate : Finished Spring Data repository scanning in 167 ms. Found 2 JPA repository interfaces.
2023-10-15 13:48:10.176  INFO DESKTOP-PHL2860 --- [           main] o.h.j.i.u.LogHelper                      : HHH000204: Processing PersistenceUnitInfo [name: default]
2023-10-15 13:48:10.261  INFO DESKTOP-PHL2860 --- [           main] o.h.Version                              : HHH000412: Hibernate ORM core version 5.6.11.Final
2023-10-15 13:48:10.513  INFO DESKTOP-PHL2860 --- [           main] o.h.a.c.Version                          : HCANN000001: Hibernate Commons Annotations {5.1.2.Final}
2023-10-15 13:48:10.794  INFO DESKTOP-PHL2860 --- [           main] c.z.h.HikariDataSource                   : HikariPool-1 - Starting...
2023-10-15 13:48:11.578  INFO DESKTOP-PHL2860 --- [           main] c.z.h.HikariDataSource                   : HikariPool-1 - Start completed.
2023-10-15 13:48:11.607  INFO DESKTOP-PHL2860 --- [           main] o.h.d.Dialect                            : HHH000400: Using dialect: org.hibernate.dialect.MySQL5InnoDBDialect
2023-10-15 13:48:12.473  INFO DESKTOP-PHL2860 --- [           main] o.h.e.t.j.p.i.JtaPlatformInitiator       : HHH000490: Using JtaPlatform implementation: [org.hibernate.engine.transaction.jta.platform.internal.NoJtaPlatform]
2023-10-15 13:48:12.482  INFO DESKTOP-PHL2860 --- [           main] j.LocalContainerEntityManagerFactoryBean : Initialized JPA EntityManagerFactory for persistence unit 'default'
2023-10-15 13:48:13.558  WARN DESKTOP-PHL2860 --- [           main] JpaBaseConfiguration$JpaWebConfiguration : spring.jpa.open-in-view is enabled by default. Therefore, database queries may be performed during view rendering. Explicitly configure spring.jpa.open-in-view to disable this warning
2023-10-15 13:48:14.367  INFO DESKTOP-PHL2860 --- [           main] c.c.e.e.EbmApplicationTests              : Started EbmApplicationTests in 8.009 seconds (JVM running for 9.903)
2023-10-15 13:48:14.582  INFO DESKTOP-PHL2860 --- [ionShutdownHook] j.LocalContainerEntityManagerFactoryBean : Closing JPA EntityManagerFactory for persistence unit 'default'
2023-10-15 13:48:14.596  INFO DESKTOP-PHL2860 --- [ionShutdownHook] c.z.h.HikariDataSource                   : HikariPool-1 - Shutdown initiated...
2023-10-15 13:48:14.607  INFO DESKTOP-PHL2860 --- [ionShutdownHook] c.z.h.HikariDataSource                   : HikariPool-1 - Shutdown completed.
2023-10-15 13:57:35.582  INFO DESKTOP-PHL2860 --- [           main] .b.t.c.SpringBootTestContextBootstrapper : Neither @ContextConfiguration nor @ContextHierarchy found for test class [com.cs.ebm.ebm.EbmApplicationTests], using SpringBootContextLoader
2023-10-15 13:57:35.608  INFO DESKTOP-PHL2860 --- [           main] o.s.t.c.s.AbstractContextLoader          : Could not detect default resource locations for test class [com.cs.ebm.ebm.EbmApplicationTests]: no resource found for suffixes {-context.xml, Context.groovy}.
2023-10-15 13:57:35.609  INFO DESKTOP-PHL2860 --- [           main] t.c.s.AnnotationConfigContextLoaderUtils : Could not detect default configuration classes for test class [com.cs.ebm.ebm.EbmApplicationTests]: EbmApplicationTests does not declare any static, non-private, non-final, nested classes annotated with @Configuration.
2023-10-15 13:57:35.740  INFO DESKTOP-PHL2860 --- [           main] .b.t.c.SpringBootTestContextBootstrapper : Found @SpringBootConfiguration com.cs.ebm.EbmApplication for test class com.cs.ebm.ebm.EbmApplicationTests
2023-10-15 13:57:35.948  INFO DESKTOP-PHL2860 --- [           main] .b.t.c.SpringBootTestContextBootstrapper : Loaded default TestExecutionListener class names from location [META-INF/spring.factories]: [org.springframework.boot.test.mock.mockito.MockitoTestExecutionListener, org.springframework.boot.test.mock.mockito.ResetMocksTestExecutionListener, org.springframework.boot.test.autoconfigure.restdocs.RestDocsTestExecutionListener, org.springframework.boot.test.autoconfigure.web.client.MockRestServiceServerResetTestExecutionListener, org.springframework.boot.test.autoconfigure.web.servlet.MockMvcPrintOnlyOnFailureTestExecutionListener, org.springframework.boot.test.autoconfigure.web.servlet.WebDriverTestExecutionListener, org.springframework.boot.test.autoconfigure.webservices.client.MockWebServiceServerTestExecutionListener, org.springframework.test.context.web.ServletTestExecutionListener, org.springframework.test.context.support.DirtiesContextBeforeModesTestExecutionListener, org.springframework.test.context.event.ApplicationEventsTestExecutionListener, org.springframework.test.context.support.DependencyInjectionTestExecutionListener, org.springframework.test.context.support.DirtiesContextTestExecutionListener, org.springframework.test.context.transaction.TransactionalTestExecutionListener, org.springframework.test.context.jdbc.SqlScriptsTestExecutionListener, org.springframework.test.context.event.EventPublishingTestExecutionListener]
2023-10-15 13:57:35.979  INFO DESKTOP-PHL2860 --- [           main] .b.t.c.SpringBootTestContextBootstrapper : Using TestExecutionListeners: [org.springframework.test.context.web.ServletTestExecutionListener@5f9678e1, org.springframework.test.context.support.DirtiesContextBeforeModesTestExecutionListener@c4ed84, org.springframework.test.context.event.ApplicationEventsTestExecutionListener@189aa67a, org.springframework.boot.test.mock.mockito.MockitoTestExecutionListener@5a9d6f02, org.springframework.boot.test.autoconfigure.SpringBootDependencyInjectionTestExecutionListener@362045c0, org.springframework.test.context.support.DirtiesContextTestExecutionListener@112f364d, org.springframework.test.context.transaction.TransactionalTestExecutionListener@5ccbeb64, org.springframework.test.context.jdbc.SqlScriptsTestExecutionListener@6d9f7a80, org.springframework.test.context.event.EventPublishingTestExecutionListener@59252cb6, org.springframework.boot.test.mock.mockito.ResetMocksTestExecutionListener@31d0e481, org.springframework.boot.test.autoconfigure.restdocs.RestDocsTestExecutionListener@3243b914, org.springframework.boot.test.autoconfigure.web.client.MockRestServiceServerResetTestExecutionListener@241e8ea6, org.springframework.boot.test.autoconfigure.web.servlet.MockMvcPrintOnlyOnFailureTestExecutionListener@542e560f, org.springframework.boot.test.autoconfigure.web.servlet.WebDriverTestExecutionListener@626c44e7, org.springframework.boot.test.autoconfigure.webservices.client.MockWebServiceServerTestExecutionListener@4dc8caa7]
2023-10-15 13:57:36.382  INFO DESKTOP-PHL2860 --- [           main] c.c.e.e.EbmApplicationTests              : Starting EbmApplicationTests using Java 1.8.0_202 on DESKTOP-PHL2860 with PID 16004 (started by DELL in D:\ebm\ebm)
2023-10-15 13:57:36.388 DEBUG DESKTOP-PHL2860 --- [           main] c.c.e.e.EbmApplicationTests              : Running with Spring Boot v2.7.4, Spring v5.3.23
2023-10-15 13:57:36.391  INFO DESKTOP-PHL2860 --- [           main] c.c.e.e.EbmApplicationTests              : No active profile set, falling back to 1 default profile: "default"
2023-10-15 13:57:37.414  INFO DESKTOP-PHL2860 --- [           main] .s.d.r.c.RepositoryConfigurationDelegate : Bootstrapping Spring Data JPA repositories in DEFAULT mode.
2023-10-15 13:57:37.463  INFO DESKTOP-PHL2860 --- [           main] .s.d.r.c.RepositoryConfigurationDelegate : Finished Spring Data repository scanning in 39 ms. Found 2 JPA repository interfaces.
2023-10-15 13:57:38.387  INFO DESKTOP-PHL2860 --- [           main] o.h.j.i.u.LogHelper                      : HHH000204: Processing PersistenceUnitInfo [name: default]
2023-10-15 13:57:38.461  INFO DESKTOP-PHL2860 --- [           main] o.h.Version                              : HHH000412: Hibernate ORM core version 5.6.11.Final
2023-10-15 13:57:38.674  INFO DESKTOP-PHL2860 --- [           main] o.h.a.c.Version                          : HCANN000001: Hibernate Commons Annotations {5.1.2.Final}
2023-10-15 13:57:38.934  INFO DESKTOP-PHL2860 --- [           main] c.z.h.HikariDataSource                   : HikariPool-1 - Starting...
2023-10-15 13:57:39.117  INFO DESKTOP-PHL2860 --- [           main] c.z.h.HikariDataSource                   : HikariPool-1 - Start completed.
2023-10-15 13:57:39.134  INFO DESKTOP-PHL2860 --- [           main] o.h.d.Dialect                            : HHH000400: Using dialect: org.hibernate.dialect.MySQL5InnoDBDialect
2023-10-15 13:57:39.877  INFO DESKTOP-PHL2860 --- [           main] o.h.e.t.j.p.i.JtaPlatformInitiator       : HHH000490: Using JtaPlatform implementation: [org.hibernate.engine.transaction.jta.platform.internal.NoJtaPlatform]
2023-10-15 13:57:39.886  INFO DESKTOP-PHL2860 --- [           main] j.LocalContainerEntityManagerFactoryBean : Initialized JPA EntityManagerFactory for persistence unit 'default'
2023-10-15 13:57:41.190  WARN DESKTOP-PHL2860 --- [           main] JpaBaseConfiguration$JpaWebConfiguration : spring.jpa.open-in-view is enabled by default. Therefore, database queries may be performed during view rendering. Explicitly configure spring.jpa.open-in-view to disable this warning
2023-10-15 13:57:42.051  INFO DESKTOP-PHL2860 --- [           main] c.c.e.e.EbmApplicationTests              : Started EbmApplicationTests in 6.021 seconds (JVM running for 7.897)
2023-10-15 13:57:42.213  INFO DESKTOP-PHL2860 --- [ionShutdownHook] j.LocalContainerEntityManagerFactoryBean : Closing JPA EntityManagerFactory for persistence unit 'default'
2023-10-15 13:57:42.216  INFO DESKTOP-PHL2860 --- [ionShutdownHook] c.z.h.HikariDataSource                   : HikariPool-1 - Shutdown initiated...
2023-10-15 13:57:42.241  INFO DESKTOP-PHL2860 --- [ionShutdownHook] c.z.h.HikariDataSource                   : HikariPool-1 - Shutdown completed.
2023-10-15 14:03:41.318  INFO DESKTOP-PHL2860 --- [           main] .b.t.c.SpringBootTestContextBootstrapper : Neither @ContextConfiguration nor @ContextHierarchy found for test class [com.cs.ebm.ebm.EbmApplicationTests], using SpringBootContextLoader
2023-10-15 14:03:41.346  INFO DESKTOP-PHL2860 --- [           main] o.s.t.c.s.AbstractContextLoader          : Could not detect default resource locations for test class [com.cs.ebm.ebm.EbmApplicationTests]: no resource found for suffixes {-context.xml, Context.groovy}.
2023-10-15 14:03:41.348  INFO DESKTOP-PHL2860 --- [           main] t.c.s.AnnotationConfigContextLoaderUtils : Could not detect default configuration classes for test class [com.cs.ebm.ebm.EbmApplicationTests]: EbmApplicationTests does not declare any static, non-private, non-final, nested classes annotated with @Configuration.
2023-10-15 14:03:41.494  INFO DESKTOP-PHL2860 --- [           main] .b.t.c.SpringBootTestContextBootstrapper : Found @SpringBootConfiguration com.cs.ebm.EbmApplication for test class com.cs.ebm.ebm.EbmApplicationTests
2023-10-15 14:03:42.016  INFO DESKTOP-PHL2860 --- [           main] .b.t.c.SpringBootTestContextBootstrapper : Loaded default TestExecutionListener class names from location [META-INF/spring.factories]: [org.springframework.boot.test.mock.mockito.MockitoTestExecutionListener, org.springframework.boot.test.mock.mockito.ResetMocksTestExecutionListener, org.springframework.boot.test.autoconfigure.restdocs.RestDocsTestExecutionListener, org.springframework.boot.test.autoconfigure.web.client.MockRestServiceServerResetTestExecutionListener, org.springframework.boot.test.autoconfigure.web.servlet.MockMvcPrintOnlyOnFailureTestExecutionListener, org.springframework.boot.test.autoconfigure.web.servlet.WebDriverTestExecutionListener, org.springframework.boot.test.autoconfigure.webservices.client.MockWebServiceServerTestExecutionListener, org.springframework.test.context.web.ServletTestExecutionListener, org.springframework.test.context.support.DirtiesContextBeforeModesTestExecutionListener, org.springframework.test.context.event.ApplicationEventsTestExecutionListener, org.springframework.test.context.support.DependencyInjectionTestExecutionListener, org.springframework.test.context.support.DirtiesContextTestExecutionListener, org.springframework.test.context.transaction.TransactionalTestExecutionListener, org.springframework.test.context.jdbc.SqlScriptsTestExecutionListener, org.springframework.test.context.event.EventPublishingTestExecutionListener]
2023-10-15 14:03:42.184  INFO DESKTOP-PHL2860 --- [           main] .b.t.c.SpringBootTestContextBootstrapper : Using TestExecutionListeners: [org.springframework.test.context.web.ServletTestExecutionListener@22ffa91a, org.springframework.test.context.support.DirtiesContextBeforeModesTestExecutionListener@74960bfa, org.springframework.test.context.event.ApplicationEventsTestExecutionListener@42721fe, org.springframework.boot.test.mock.mockito.MockitoTestExecutionListener@40844aab, org.springframework.boot.test.autoconfigure.SpringBootDependencyInjectionTestExecutionListener@1f6c9cd8, org.springframework.test.context.support.DirtiesContextTestExecutionListener@5b619d14, org.springframework.test.context.transaction.TransactionalTestExecutionListener@66746f57, org.springframework.test.context.jdbc.SqlScriptsTestExecutionListener@447a020, org.springframework.test.context.event.EventPublishingTestExecutionListener@7f36662c, org.springframework.boot.test.mock.mockito.ResetMocksTestExecutionListener@28e8dde3, org.springframework.boot.test.autoconfigure.restdocs.RestDocsTestExecutionListener@6d23017e, org.springframework.boot.test.autoconfigure.web.client.MockRestServiceServerResetTestExecutionListener@54dcfa5a, org.springframework.boot.test.autoconfigure.web.servlet.MockMvcPrintOnlyOnFailureTestExecutionListener@1817f1eb, org.springframework.boot.test.autoconfigure.web.servlet.WebDriverTestExecutionListener@767e20cf, org.springframework.boot.test.autoconfigure.webservices.client.MockWebServiceServerTestExecutionListener@3a3e78f]
2023-10-15 14:03:42.892  INFO DESKTOP-PHL2860 --- [           main] c.c.e.e.EbmApplicationTests              : Starting EbmApplicationTests using Java 1.8.0_202 on DESKTOP-PHL2860 with PID 18928 (started by DELL in D:\ebm\ebm)
2023-10-15 14:03:42.898 DEBUG DESKTOP-PHL2860 --- [           main] c.c.e.e.EbmApplicationTests              : Running with Spring Boot v2.7.4, Spring v5.3.23
2023-10-15 14:03:42.900  INFO DESKTOP-PHL2860 --- [           main] c.c.e.e.EbmApplicationTests              : No active profile set, falling back to 1 default profile: "default"
2023-10-15 14:03:42.892  INFO DESKTOP-PHL2860 --- [           main] c.c.e.e.EbmApplicationTests              : Starting EbmApplicationTests using Java 1.8.0_202 on DESKTOP-PHL2860 with PID 18928 (started by DELL in D:\ebm\ebm)
2023-10-15 14:03:42.898 DEBUG DESKTOP-PHL2860 --- [           main] c.c.e.e.EbmApplicationTests              : Running with Spring Boot v2.7.4, Spring v5.3.23
2023-10-15 14:03:42.900  INFO DESKTOP-PHL2860 --- [           main] c.c.e.e.EbmApplicationTests              : No active profile set, falling back to 1 default profile: "default"
2023-10-15 14:03:44.158  INFO DESKTOP-PHL2860 --- [           main] .s.d.r.c.RepositoryConfigurationDelegate : Bootstrapping Spring Data JPA repositories in DEFAULT mode.
2023-10-15 14:03:44.275  INFO DESKTOP-PHL2860 --- [           main] .s.d.r.c.RepositoryConfigurationDelegate : Finished Spring Data repository scanning in 83 ms. Found 2 JPA repository interfaces.
2023-10-15 14:03:46.063  INFO DESKTOP-PHL2860 --- [           main] o.h.j.i.u.LogHelper                      : HHH000204: Processing PersistenceUnitInfo [name: default]
2023-10-15 14:03:46.176  INFO DESKTOP-PHL2860 --- [           main] o.h.Version                              : HHH000412: Hibernate ORM core version 5.6.11.Final
2023-10-15 14:03:46.480  INFO DESKTOP-PHL2860 --- [           main] o.h.a.c.Version                          : HCANN000001: Hibernate Commons Annotations {5.1.2.Final}
2023-10-15 14:03:46.747  INFO DESKTOP-PHL2860 --- [           main] c.z.h.HikariDataSource                   : HikariPool-1 - Starting...
2023-10-15 14:03:47.183  INFO DESKTOP-PHL2860 --- [           main] c.z.h.HikariDataSource                   : HikariPool-1 - Start completed.
2023-10-15 14:03:47.213  INFO DESKTOP-PHL2860 --- [           main] o.h.d.Dialect                            : HHH000400: Using dialect: org.hibernate.dialect.MySQL5InnoDBDialect
2023-10-15 14:03:48.132  INFO DESKTOP-PHL2860 --- [           main] o.h.e.t.j.p.i.JtaPlatformInitiator       : HHH000490: Using JtaPlatform implementation: [org.hibernate.engine.transaction.jta.platform.internal.NoJtaPlatform]
2023-10-15 14:03:48.142  INFO DESKTOP-PHL2860 --- [           main] j.LocalContainerEntityManagerFactoryBean : Initialized JPA EntityManagerFactory for persistence unit 'default'
2023-10-15 14:03:49.318  WARN DESKTOP-PHL2860 --- [           main] JpaBaseConfiguration$JpaWebConfiguration : spring.jpa.open-in-view is enabled by default. Therefore, database queries may be performed during view rendering. Explicitly configure spring.jpa.open-in-view to disable this warning
2023-10-15 14:03:50.333  INFO DESKTOP-PHL2860 --- [           main] c.c.e.e.EbmApplicationTests              : Started EbmApplicationTests in 7.914 seconds (JVM running for 10.338)
2023-10-15 14:03:50.333  INFO DESKTOP-PHL2860 --- [           main] c.c.e.e.EbmApplicationTests              : Started EbmApplicationTests in 7.914 seconds (JVM running for 10.338)
2023-10-15 14:03:50.516  INFO DESKTOP-PHL2860 --- [ionShutdownHook] j.LocalContainerEntityManagerFactoryBean : Closing JPA EntityManagerFactory for persistence unit 'default'
2023-10-15 14:03:50.521  INFO DESKTOP-PHL2860 --- [ionShutdownHook] c.z.h.HikariDataSource                   : HikariPool-1 - Shutdown initiated...
2023-10-15 14:03:50.559  INFO DESKTOP-PHL2860 --- [ionShutdownHook] c.z.h.HikariDataSource                   : HikariPool-1 - Shutdown completed.
